JPushExample(1638214)/demo/build/outputs/logs/manifest-merger-debug-report.txt
-- Merging decision tree log ---
permission#com.lastcoffee.top.permission.JPUSH_MESSAGE
INJECTED from src\main\AndroidManifest.xml:6:5-8:47
	android:protectionLevel
		ADDED from src\main\AndroidManifest.xml:8:9-44
	android:name
		INJECTED from src\main\AndroidManifest.xml
		ADDED from src\main\AndroidManifest.xml:7:9-65
uses-permission#com.lastcoffee.top.permission.JPUSH_MESSAGE
INJECTED from src\main\AndroidManifest.xml:11:5-81
	android:name
		INJECTED from src\main\AndroidManifest.xml
		ADDED from src\main\AndroidManifest.xml:11:22-78
category#com.lastcoffee.top
INJECTED from src\main\AndroidManifest.xml:80:17-61
INJECTED from src\main\AndroidManifest.xml:113:17-61
INJECTED from src\main\AndroidManifest.xml:126:17-61
INJECTED from src\main\AndroidManifest.xml:143:17-61
INJECTED from src\main\AndroidManifest.xml:174:17-61
INJECTED from src\main\AndroidManifest.xml:185:17-70
INJECTED from src\main\AndroidManifest.xml:197:17-61
	android:name
		INJECTED from src\main\AndroidManifest.xml
		INJECTED from src\main\AndroidManifest.xml
		INJECTED from src\main\AndroidManifest.xml
		INJECTED from src\main\AndroidManifest.xml
		INJECTED from src\main\AndroidManifest.xml
		INJECTED from src\main\AndroidManifest.xml
		INJECTED from src\main\AndroidManifest.xml
		ADDED from src\main\AndroidManifest.xml:80:27-58
provider#cn.jpush.android.service.DataProvider
INJECTED from src\main\AndroidManifest.xml:98:9-103:11
	android:process
		ADDED from src\main\AndroidManifest.xml:101:13-40
	android:authorities
		INJECTED from src\main\AndroidManifest.xml
		ADDED from src\main\AndroidManifest.xml:99:13-64
	android:exported
		ADDED from src\main\AndroidManifest.xml:102:13-37
	android:name
		ADDED from src\main\AndroidManifest.xml:100:13-65
provider#cn.jpush.android.service.DownloadProvider
INJECTED from src\main\AndroidManifest.xml:131:9-135:11
	android:authorities
		INJECTED from src\main\AndroidManifest.xml
		ADDED from src\main\AndroidManifest.xml:132:13-68
	android:exported
		ADDED from src\main\AndroidManifest.xml:134:13-36
	android:name
		ADDED from src\main\AndroidManifest.xml:133:13-69
meta-data#JPUSH_CHANNEL
INJECTED from src\main\AndroidManifest.xml:213:9-83
	android:value
		INJECTED from src\main\AndroidManifest.xml
		ADDED from src\main\AndroidManifest.xml:213:49-81
	android:name
		ADDED from src\main\AndroidManifest.xml:213:20-48
meta-data#JPUSH_APPKEY
INJECTED from src\main\AndroidManifest.xml:214:9-82
	android:value
		INJECTED from src\main\AndroidManifest.xml
		ADDED from src\main\AndroidManifest.xml:214:48-79
	android:name
		ADDED from src\main\AndroidManifest.xml:214:20-47
manifest
ADDED from src\main\AndroidManifest.xml:2:1-217:12
INJECTED from src\main\AndroidManifest.xml:2:1-217:12
INJECTED from src\main\AndroidManifest.xml:2:1-217:12
INJECTED from src\main\AndroidManifest.xml:2:1-217:12
INJECTED from src\main\AndroidManifest.xml:2:1-217:12
INJECTED from src\main\AndroidManifest.xml:2:1-217:12
INJECTED from src\main\AndroidManifest.xml:2:1-217:12
	package
		ADDED from src\main\AndroidManifest.xml:3:5-36
		INJECTED from src\main\AndroidManifest.xml
		INJECTED from src\main\AndroidManifest.xml
	android:versionName
		INJECTED from src\main\AndroidManifest.xml
		ADDED from src\main\AndroidManifest.xml:2:1-217:12
		INJECTED from src\main\AndroidManifest.xml
	android:versionCode
		INJECTED from src\main\AndroidManifest.xml
		ADDED from src\main\AndroidManifest.xml:2:1-217:12
		INJECTED from src\main\AndroidManifest.xml
	xmlns:android
		ADDED from src\main\AndroidManifest.xml:2:11-69
uses-permission#android.permission.RECEIVE_USER_PRESENT
ADDED from src\main\AndroidManifest.xml:12:5-79
	android:name
		ADDED from src\main\AndroidManifest.xml:12:22-76
uses-permission#android.permission.INTERNET
ADDED from src\main\AndroidManifest.xml:13:5-67
	android:name
		ADDED from src\main\AndroidManifest.xml:13:22-64
uses-permission#android.permission.READ_PHONE_STATE
ADDED from src\main\AndroidManifest.xml:14:5-75
	android:name
		ADDED from src\main\AndroidManifest.xml:14:22-72
uses-permission#android.permission.WRITE_EXTERNAL_STORAGE
ADDED from src\main\AndroidManifest.xml:15:5-81
	android:name
		ADDED from src\main\AndroidManifest.xml:15:22-78
uses-permission#android.permission.READ_EXTERNAL_STORAGE
ADDED from src\main\AndroidManifest.xml:16:5-80
	android:name
		ADDED from src\main\AndroidManifest.xml:16:22-77
uses-permission#android.permission.MOUNT_UNMOUNT_FILESYSTEMS
ADDED from src\main\AndroidManifest.xml:17:5-84
	android:name
		ADDED from src\main\AndroidManifest.xml:17:22-81
uses-permission#android.permission.ACCESS_NETWORK_STATE
ADDED from src\main\AndroidManifest.xml:18:5-79
	android:name
		ADDED from src\main\AndroidManifest.xml:18:22-76
uses-permission#android.permission.ACCESS_WIFI_STATE
ADDED from src\main\AndroidManifest.xml:19:5-76
	android:name
		ADDED from src\main\AndroidManifest.xml:19:22-73
uses-permission#com.huawei.android.launcher.permission.CHANGE_BADGE
ADDED from src\main\AndroidManifest.xml:22:5-23:77
	android:name
		ADDED from src\main\AndroidManifest.xml:23:9-75
uses-permission#android.permission.VIBRATE
ADDED from src\main\AndroidManifest.xml:27:5-66
	android:name
		ADDED from src\main\AndroidManifest.xml:27:22-63
uses-permission#android.permission.SYSTEM_ALERT_WINDOW
ADDED from src\main\AndroidManifest.xml:28:5-78
	android:name
		ADDED from src\main\AndroidManifest.xml:28:22-75
uses-permission#android.permission.ACCESS_COARSE_LOCATION
ADDED from src\main\AndroidManifest.xml:29:5-81
	android:name
		ADDED from src\main\AndroidManifest.xml:29:22-78
uses-permission#android.permission.CHANGE_WIFI_STATE
ADDED from src\main\AndroidManifest.xml:30:5-76
	android:name
		ADDED from src\main\AndroidManifest.xml:30:22-73
uses-permission#android.permission.ACCESS_FINE_LOCATION
ADDED from src\main\AndroidManifest.xml:31:5-79
	android:name
		ADDED from src\main\AndroidManifest.xml:31:22-76
uses-permission#android.permission.ACCESS_BACKGROUND_LOCATION
ADDED from src\main\AndroidManifest.xml:32:5-85
	android:name
		ADDED from src\main\AndroidManifest.xml:32:22-82
uses-permission#android.permission.ACCESS_LOCATION_EXTRA_COMMANDS
ADDED from src\main\AndroidManifest.xml:33:5-89
	android:name
		ADDED from src\main\AndroidManifest.xml:33:22-86
uses-permission#android.permission.CHANGE_NETWORK_STATE
ADDED from src\main\AndroidManifest.xml:34:5-79
	android:name
		ADDED from src\main\AndroidManifest.xml:34:22-76
uses-permission#android.permission.GET_TASKS
ADDED from src\main\AndroidManifest.xml:35:5-68
	android:name
		ADDED from src\main\AndroidManifest.xml:35:22-65
application
ADDED from src\main\AndroidManifest.xml:37:5-216:19
	android:label
		ADDED from src\main\AndroidManifest.xml:40:9-41
	android:icon
		ADDED from src\main\AndroidManifest.xml:38:9-45
	android:allowBackup
		ADDED from src\main\AndroidManifest.xml:39:9-36
	android:name
		ADDED from src\main\AndroidManifest.xml:41:9-64
activity#com.example.jpushdemo.MainActivity
ADDED from src\main\AndroidManifest.xml:44:9-51:20
	android:label
		ADDED from src\main\AndroidManifest.xml:46:13-45
	android:name
		ADDED from src\main\AndroidManifest.xml:45:13-62
intent-filter#action:name:android.intent.action.MAIN+category:name:android.intent.category.LAUNCHER
ADDED from src\main\AndroidManifest.xml:47:13-50:29
action#android.intent.action.MAIN
ADDED from src\main\AndroidManifest.xml:48:17-69
	android:name
		ADDED from src\main\AndroidManifest.xml:48:25-66
category#android.intent.category.LAUNCHER
ADDED from src\main\AndroidManifest.xml:49:17-77
	android:name
		ADDED from src\main\AndroidManifest.xml:49:27-74
activity#com.example.jpushdemo.PushSetActivity
ADDED from src\main\AndroidManifest.xml:53:8-115
	android:label
		ADDED from src\main\AndroidManifest.xml:53:71-103
	android:name
		ADDED from src\main\AndroidManifest.xml:53:18-70
activity#com.example.jpushdemo.SettingActivity
ADDED from src\main\AndroidManifest.xml:55:8-115
	android:label
		ADDED from src\main\AndroidManifest.xml:55:71-103
	android:name
		ADDED from src\main\AndroidManifest.xml:55:18-70
activity#com.example.jpushdemo.TestActivity
ADDED from src\main\AndroidManifest.xml:57:9-62:20
	android:exported
		ADDED from src\main\AndroidManifest.xml:57:69-93
	android:name
		ADDED from src\main\AndroidManifest.xml:57:19-68
intent-filter#action:name:jpush.testAction+category:name:jpush.testCategory
ADDED from src\main\AndroidManifest.xml:58:13-61:29
action#jpush.testAction
ADDED from src\main\AndroidManifest.xml:59:17-59
	android:name
		ADDED from src\main\AndroidManifest.xml:59:25-56
category#jpush.testCategory
ADDED from src\main\AndroidManifest.xml:60:17-63
	android:name
		ADDED from src\main\AndroidManifest.xml:60:27-60
activity#cn.jpush.android.ui.PopWinActivity
ADDED from src\main\AndroidManifest.xml:65:9-69:20
	android:exported
		ADDED from src\main\AndroidManifest.xml:68:13-37
	android:theme
		ADDED from src\main\AndroidManifest.xml:67:13-49
	android:name
		ADDED from src\main\AndroidManifest.xml:66:13-62
activity#cn.jpush.android.ui.PushActivity
ADDED from src\main\AndroidManifest.xml:72:9-82:20
	android:exported
		ADDED from src\main\AndroidManifest.xml:76:13-37
	android:configChanges
		ADDED from src\main\AndroidManifest.xml:74:13-63
	android:theme
		ADDED from src\main\AndroidManifest.xml:75:13-60
	android:name
		ADDED from src\main\AndroidManifest.xml:73:13-60
intent-filter#action:name:cn.jpush.android.ui.PushActivity+category:name:android.intent.category.DEFAULT+category:name:com.lastcoffee.top
ADDED from src\main\AndroidManifest.xml:77:13-81:29
action#cn.jpush.android.ui.PushActivity
ADDED from src\main\AndroidManifest.xml:78:17-75
	android:name
		ADDED from src\main\AndroidManifest.xml:78:25-72
category#android.intent.category.DEFAULT
ADDED from src\main\AndroidManifest.xml:79:17-76
	android:name
		ADDED from src\main\AndroidManifest.xml:79:27-73
service#cn.jpush.android.service.PushService
ADDED from src\main\AndroidManifest.xml:86:9-95:19
	android:process
		ADDED from src\main\AndroidManifest.xml:88:13-40
	android:name
		ADDED from src\main\AndroidManifest.xml:87:13-64
intent-filter#action:name:cn.jpush.android.intent.PUSH_TIME+action:name:cn.jpush.android.intent.PushService+action:name:cn.jpush.android.intent.REGISTER+action:name:cn.jpush.android.intent.REPORT
ADDED from src\main\AndroidManifest.xml:89:13-94:29
action#cn.jpush.android.intent.REGISTER
ADDED from src\main\AndroidManifest.xml:90:17-75
	android:name
		ADDED from src\main\AndroidManifest.xml:90:25-72
action#cn.jpush.android.intent.REPORT
ADDED from src\main\AndroidManifest.xml:91:17-73
	android:name
		ADDED from src\main\AndroidManifest.xml:91:25-70
action#cn.jpush.android.intent.PushService
ADDED from src\main\AndroidManifest.xml:92:17-78
	android:name
		ADDED from src\main\AndroidManifest.xml:92:25-75
action#cn.jpush.android.intent.PUSH_TIME
ADDED from src\main\AndroidManifest.xml:93:17-76
	android:name
		ADDED from src\main\AndroidManifest.xml:93:25-73
service#cn.jpush.android.service.DaemonService
ADDED from src\main\AndroidManifest.xml:107:9-116:19
	android:enabled
		ADDED from src\main\AndroidManifest.xml:109:13-35
	android:exported
		ADDED from src\main\AndroidManifest.xml:110:13-36
	android:name
		ADDED from src\main\AndroidManifest.xml:108:13-66
intent-filter#action:name:cn.jpush.android.intent.DaemonService+category:name:com.lastcoffee.top
ADDED from src\main\AndroidManifest.xml:111:13-114:29
action#cn.jpush.android.intent.DaemonService
ADDED from src\main\AndroidManifest.xml:112:17-80
	android:name
		ADDED from src\main\AndroidManifest.xml:112:25-77
activity#cn.jpush.android.service.DActivity
ADDED from src\main\AndroidManifest.xml:119:9-128:20
	android:enabled
		ADDED from src\main\AndroidManifest.xml:120:13-35
	android:exported
		ADDED from src\main\AndroidManifest.xml:121:13-36
	android:theme
		ADDED from src\main\AndroidManifest.xml:122:13-72
	android:taskAffinity
		ADDED from src\main\AndroidManifest.xml:123:13-48
	android:name
		ADDED from src\main\AndroidManifest.xml:119:19-68
intent-filter#action:name:cn.jpush.android.intent.DActivity+category:name:com.lastcoffee.top
ADDED from src\main\AndroidManifest.xml:124:13-127:29
action#cn.jpush.android.intent.DActivity
ADDED from src\main\AndroidManifest.xml:125:17-75
	android:name
		ADDED from src\main\AndroidManifest.xml:125:25-73
receiver#cn.jpush.android.service.PushReceiver
ADDED from src\main\AndroidManifest.xml:138:9-156:20
	android:enabled
		ADDED from src\main\AndroidManifest.xml:140:13-35
	android:name
		ADDED from src\main\AndroidManifest.xml:139:13-65
intent-filter#action:name:cn.jpush.android.intent.NOTIFICATION_RECEIVED_PROXY+category:name:com.lastcoffee.top
ADDED from src\main\AndroidManifest.xml:141:13-144:29
	android:priority
		ADDED from src\main\AndroidManifest.xml:141:28-51
action#cn.jpush.android.intent.NOTIFICATION_RECEIVED_PROXY
ADDED from src\main\AndroidManifest.xml:142:17-94
	android:name
		ADDED from src\main\AndroidManifest.xml:142:25-91
intent-filter#action:name:android.intent.action.USER_PRESENT+action:name:android.net.conn.CONNECTIVITY_CHANGE
ADDED from src\main\AndroidManifest.xml:145:13-148:29
action#android.intent.action.USER_PRESENT
ADDED from src\main\AndroidManifest.xml:146:17-77
	android:name
		ADDED from src\main\AndroidManifest.xml:146:25-74
action#android.net.conn.CONNECTIVITY_CHANGE
ADDED from src\main\AndroidManifest.xml:147:17-79
	android:name
		ADDED from src\main\AndroidManifest.xml:147:25-76
intent-filter#action:name:android.intent.action.PACKAGE_ADDED+action:name:android.intent.action.PACKAGE_REMOVED+data:scheme:package
ADDED from src\main\AndroidManifest.xml:150:13-155:29
action#android.intent.action.PACKAGE_ADDED
ADDED from src\main\AndroidManifest.xml:151:17-78
	android:name
		ADDED from src\main\AndroidManifest.xml:151:25-75
action#android.intent.action.PACKAGE_REMOVED
ADDED from src\main\AndroidManifest.xml:152:17-80
	android:name
		ADDED from src\main\AndroidManifest.xml:152:25-77
data
ADDED from src\main\AndroidManifest.xml:154:17-50
	android:scheme
		ADDED from src\main\AndroidManifest.xml:154:23-47
receiver#cn.jpush.android.service.AlarmReceiver
ADDED from src\main\AndroidManifest.xml:159:9-99
	android:exported
		ADDED from src\main\AndroidManifest.xml:159:73-97
	android:name
		ADDED from src\main\AndroidManifest.xml:159:19-72
receiver#cn.jpush.android.service.SchedulerReceiver
ADDED from src\main\AndroidManifest.xml:162:9-103
	android:exported
		ADDED from src\main\AndroidManifest.xml:162:77-101
	android:name
		ADDED from src\main\AndroidManifest.xml:162:19-76
receiver#com.example.jpushdemo.MyReceiver
ADDED from src\main\AndroidManifest.xml:165:9-176:20
	android:enabled
		ADDED from src\main\AndroidManifest.xml:167:13-35
	android:name
		ADDED from src\main\AndroidManifest.xml:166:13-60
intent-filter#action:name:cn.jpush.android.intent.CONNECTION+action:name:cn.jpush.android.intent.MESSAGE_RECEIVED+action:name:cn.jpush.android.intent.NOTIFICATION_OPENED+action:name:cn.jpush.android.intent.NOTIFICATION_RECEIVED+action:name:cn.jpush.android.intent.REGISTRATION+category:name:com.lastcoffee.top
ADDED from src\main\AndroidManifest.xml:168:13-175:29
action#cn.jpush.android.intent.REGISTRATION
ADDED from src\main\AndroidManifest.xml:169:17-79
	android:name
		ADDED from src\main\AndroidManifest.xml:169:25-76
action#cn.jpush.android.intent.MESSAGE_RECEIVED
ADDED from src\main\AndroidManifest.xml:170:17-83
	android:name
		ADDED from src\main\AndroidManifest.xml:170:25-80
action#cn.jpush.android.intent.NOTIFICATION_RECEIVED
ADDED from src\main\AndroidManifest.xml:171:17-88
	android:name
		ADDED from src\main\AndroidManifest.xml:171:25-85
action#cn.jpush.android.intent.NOTIFICATION_OPENED
ADDED from src\main\AndroidManifest.xml:172:17-86
	android:name
		ADDED from src\main\AndroidManifest.xml:172:25-83
action#cn.jpush.android.intent.CONNECTION
ADDED from src\main\AndroidManifest.xml:173:17-77
	android:name
		ADDED from src\main\AndroidManifest.xml:173:25-74
receiver#com.example.jpushdemo.PushMessageReceiver
ADDED from src\main\AndroidManifest.xml:182:9-187:20
	android:name
		ADDED from src\main\AndroidManifest.xml:182:19-75
intent-filter#action:name:cn.jpush.android.intent.RECEIVE_MESSAGE+category:name:com.lastcoffee.top
ADDED from src\main\AndroidManifest.xml:183:13-186:29
action#cn.jpush.android.intent.RECEIVE_MESSAGE
ADDED from src\main\AndroidManifest.xml:184:17-82
	android:name
		ADDED from src\main\AndroidManifest.xml:184:25-79
activity#cn.jpush.android.service.JNotifyActivity
ADDED from src\main\AndroidManifest.xml:190:9-199:20
	android:exported
		ADDED from src\main\AndroidManifest.xml:192:13-37
	android:theme
		ADDED from src\main\AndroidManifest.xml:194:13-72
	android:taskAffinity
		ADDED from src\main\AndroidManifest.xml:193:13-48
	android:name
		ADDED from src\main\AndroidManifest.xml:191:13-68
intent-filter#action:name:cn.jpush.android.intent.JNotifyActivity+category:name:com.lastcoffee.top
ADDED from src\main\AndroidManifest.xml:195:13-198:29
action#cn.jpush.android.intent.JNotifyActivity
ADDED from src\main\AndroidManifest.xml:196:17-82
	android:name
		ADDED from src\main\AndroidManifest.xml:196:25-79
service#com.example.jpushdemo.PushService
ADDED from src\main\AndroidManifest.xml:204:9-209:19
	android:process
		ADDED from src\main\AndroidManifest.xml:205:13-40
	android:name
		ADDED from src\main\AndroidManifest.xml:204:18-66
intent-filter#action:name:cn.jiguang.user.service.action
ADDED from src\main\AndroidManifest.xml:206:13-208:29
action#cn.jiguang.user.service.action
ADDED from src\main\AndroidManifest.xml:207:17-73
	android:name
		ADDED from src\main\AndroidManifest.xml:207:25-70
receiver#cn.jpush.android.asus.AsusPushMessageReceiver
ADDED from src\main\AndroidManifest.xml:211:9-91
	android:name
		ADDED from src\main\AndroidManifest.xml:211:19-79
uses-sdk
INJECTED from src\main\AndroidManifest.xml reason: use-sdk injection requested
INJECTED from src\main\AndroidManifest.xml
INJECTED from src\main\AndroidManifest.xml
INJECTED from src\main\AndroidManifest.xml
INJECTED from src\main\AndroidManifest.xml
	android:targetSdkVersion
		INJECTED from src\main\AndroidManifest.xml
		ADDED from src\main\AndroidManifest.xml
		INJECTED from src\main\AndroidManifest.xml
	android:minSdkVersion
		INJECTED from src\main\AndroidManifest.xml
		ADDED from src\main\AndroidManifest.xml
		INJECTED from src\main\AndroidManifest.xml